08:35:15:619  INFO 23656 --- [main] com.fshop.admin.fshopAdminApplication    : The following 1 profile is active: "dev"
08:35:17:855 DEBUG 23656 --- [main] o.m.s.mapper.ClassPathMapperScanner      : Identified candidate component class: file [D:\JAVA\fshop\fshop-admin\target\classes\com\fshop\admin\mapper\UserMapper.class]
08:35:17:859 DEBUG 23656 --- [main] o.m.s.mapper.ClassPathMapperScanner      : Creating MapperFactoryBean with name 'userMapper' and 'com.fshop.admin.mapper.UserMapper' mapperInterface
08:35:18:100  INFO 23656 --- [main] o.s.cloud.context.scope.GenericScope     : BeanFactory id=908ecea6-968d-305f-8440-90038ba55ffe
08:35:21:627  INFO 23656 --- [main] o.s.b.w.embedded.tomcat.TomcatWebServer  : Tomcat initialized with port(s): 5600 (http)
08:35:21:630  INFO 23656 --- [main] o.a.catalina.core.AprLifecycleListener   : Loaded Apache Tomcat Native library [1.2.36] using APR version [1.7.2].
08:35:21:631  INFO 23656 --- [main] o.a.catalina.core.AprLifecycleListener   : APR capabilities: IPv6 [true], sendfile [true], accept filters [false], random [true], UDS [true].
08:35:21:631  INFO 23656 --- [main] o.a.catalina.core.AprLifecycleListener   : APR/OpenSSL configuration: useAprConnector [false], useOpenSSL [true]
08:35:21:654  INFO 23656 --- [main] o.a.catalina.core.AprLifecycleListener   : OpenSSL successfully initialized [OpenSSL 1.1.1t  7 Feb 2023]
08:35:21:686  INFO 23656 --- [main] o.apache.catalina.core.StandardService   : Starting service [Tomcat]
08:35:21:686  INFO 23656 --- [main] org.apache.catalina.core.StandardEngine  : Starting Servlet engine: [Apache Tomcat/9.0.69]
08:35:22:333  INFO 23656 --- [main] o.a.c.c.C.[Tomcat].[localhost].[/]       : Initializing Spring embedded WebApplicationContext
08:35:22:333  INFO 23656 --- [main] w.s.c.ServletWebServerApplicationContext : Root WebApplicationContext: initialization completed in 6644 ms
08:35:29:584  WARN 23656 --- [main] c.b.m.core.metadata.TableInfoHelper      : Can not find table primary key in Class: "com.fshop.admin.entity.User".
08:35:29:604  WARN 23656 --- [main] c.b.m.core.injector.DefaultSqlInjector   : class com.fshop.admin.entity.User ,Not found @TableId annotation, Cannot use Mybatis-Plus 'xxById' Method.
08:35:30:260  INFO 23656 --- [main] com.fshop.common.config.WebMvcConfig     : 扩展消息转换器...
08:35:30:272  INFO 23656 --- [main] com.fshop.common.config.WebMvcConfig     : 开始进行静态资源映射...
08:35:33:925  INFO 23656 --- [main] o.s.cloud.commons.util.InetUtils         : Cannot determine local hostname
08:35:34:608  INFO 23656 --- [main] com.alibaba.nacos.common.remote.client   : [RpcClientFactory] create a new rpc client of 5f5c64c1-5f98-4a04-bb4b-f1eb86c098f7
08:35:34:608  INFO 23656 --- [main] com.alibaba.nacos.common.remote.client   : [5f5c64c1-5f98-4a04-bb4b-f1eb86c098f7] RpcClient init label, labels = {module=naming, source=sdk}
08:35:34:616  INFO 23656 --- [main] com.alibaba.nacos.common.remote.client   : [5f5c64c1-5f98-4a04-bb4b-f1eb86c098f7] RpcClient init, ServerListFactory = com.alibaba.nacos.client.naming.core.ServerListManager
08:35:34:616  INFO 23656 --- [main] com.alibaba.nacos.common.remote.client   : [5f5c64c1-5f98-4a04-bb4b-f1eb86c098f7] Registry connection listener to current client:com.alibaba.nacos.client.naming.remote.gprc.redo.NamingGrpcRedoService
08:35:34:618  INFO 23656 --- [main] com.alibaba.nacos.common.remote.client   : [5f5c64c1-5f98-4a04-bb4b-f1eb86c098f7] Register server push request handler:com.alibaba.nacos.client.naming.remote.gprc.NamingPushRequestHandler
08:35:34:619  INFO 23656 --- [main] com.alibaba.nacos.common.remote.client   : [5f5c64c1-5f98-4a04-bb4b-f1eb86c098f7] Try to connect to server on start up, server: {serverIp = '192.168.138.81', server main port = 8848}
08:35:34:815  INFO 23656 --- [main] com.alibaba.nacos.common.remote.client   : [5f5c64c1-5f98-4a04-bb4b-f1eb86c098f7] Success to connect to server [192.168.138.81:8848] on start up, connectionId = 1714350934666_192.168.138.1_54535
08:35:34:816  INFO 23656 --- [main] com.alibaba.nacos.common.remote.client   : [5f5c64c1-5f98-4a04-bb4b-f1eb86c098f7] Register server push request handler:com.alibaba.nacos.common.remote.client.RpcClient$ConnectResetRequestHandler
08:35:34:816  INFO 23656 --- [main] com.alibaba.nacos.common.remote.client   : [5f5c64c1-5f98-4a04-bb4b-f1eb86c098f7] Register server push request handler:com.alibaba.nacos.common.remote.client.RpcClient$$Lambda$335/1194385648
08:35:34:821  INFO 23656 --- [com.alibaba.nacos.client.remote.worker] com.alibaba.nacos.common.remote.client   : [5f5c64c1-5f98-4a04-bb4b-f1eb86c098f7] Notify connected event to listeners.
08:35:35:147  INFO 23656 --- [main] o.s.b.w.embedded.tomcat.TomcatWebServer  : Tomcat started on port(s): 5600 (http) with context path ''
08:35:35:227  INFO 23656 --- [main] c.a.c.n.registry.NacosServiceRegistry    : nacos registry, DEFAULT_GROUP fshop-admin 10.225.196.74:5600 register finished
08:35:35:662  INFO 23656 --- [nacos-grpc-client-executor-5] com.alibaba.nacos.common.remote.client   : [5f5c64c1-5f98-4a04-bb4b-f1eb86c098f7] Receive server push request, request = NotifySubscriberRequest, requestId = 1
08:35:35:694  INFO 23656 --- [nacos-grpc-client-executor-5] com.alibaba.nacos.common.remote.client   : [5f5c64c1-5f98-4a04-bb4b-f1eb86c098f7] Ack server push request, request = NotifySubscriberRequest, requestId = 1
08:35:38:374  INFO 23656 --- [main] o.s.cloud.commons.util.InetUtils         : Cannot determine local hostname
08:35:38:393  INFO 23656 --- [main] com.fshop.admin.fshopAdminApplication    : Started fshopAdminApplication in 45.492 seconds (JVM running for 50.279)
08:35:38:448  INFO 23656 --- [main] c.a.c.n.refresh.NacosContextRefresher    : [Nacos Config] Listening config: dataId=fshop-admin, group=DEFAULT_GROUP
08:35:38:449  INFO 23656 --- [main] c.a.c.n.refresh.NacosContextRefresher    : [Nacos Config] Listening config: dataId=fshop-admin.yml, group=DEFAULT_GROUP
08:35:38:497  INFO 23656 --- [main] c.a.c.n.refresh.NacosContextRefresher    : [Nacos Config] Listening config: dataId=fshop-admin-dev.yml, group=DEFAULT_GROUP
08:35:38:498  INFO 23656 --- [main] com.fshop.admin.fshopAdminApplication    : fshop-默认:Application is running...
08:47:20:514  WARN 23656 --- [Thread-26] c.a.nacos.common.notify.NotifyCenter     : [NotifyCenter] Start destroying Publisher
08:47:20:513  WARN 23656 --- [Thread-12] c.a.n.common.http.HttpClientBeanHolder   : [HttpClientBeanHolder] Start destroying common HttpClient
08:47:20:528  WARN 23656 --- [Thread-26] c.a.nacos.common.notify.NotifyCenter     : [NotifyCenter] Destruction of the end
08:47:20:536  WARN 23656 --- [Thread-12] c.a.n.common.http.HttpClientBeanHolder   : [HttpClientBeanHolder] Destruction of the end
08:47:21:624  INFO 23656 --- [SpringApplicationShutdownHook] c.a.c.n.registry.NacosServiceRegistry    : De-registering from Nacos Server now...
08:47:21:632  INFO 23656 --- [SpringApplicationShutdownHook] c.a.c.n.registry.NacosServiceRegistry    : De-registration finished.
08:47:21:975  INFO 23656 --- [SpringApplicationShutdownHook] com.alibaba.nacos.common.remote.client   : Shutdown rpc client, set status to shutdown
08:47:21:976  INFO 23656 --- [SpringApplicationShutdownHook] com.alibaba.nacos.common.remote.client   : Shutdown client event executor java.util.concurrent.ScheduledThreadPoolExecutor@43c91af7[Running, pool size = 2, active threads = 2, queued tasks = 0, completed tasks = 0]
08:47:21:976  INFO 23656 --- [SpringApplicationShutdownHook] com.alibaba.nacos.common.remote.client   : Close current connection 1714350934666_192.168.138.1_54535
08:47:21:979  INFO 23656 --- [nacos-grpc-client-executor-155] c.a.n.c.remote.client.grpc.GrpcClient    : [1714350934666_192.168.138.1_54535]Ignore complete event,isRunning:false,isAbandon=false
08:47:21:980  INFO 23656 --- [SpringApplicationShutdownHook] c.a.n.c.remote.client.grpc.GrpcClient    : Shutdown grpc executor java.util.concurrent.ThreadPoolExecutor@77a213ea[Running, pool size = 5, active threads = 0, queued tasks = 0, completed tasks = 156]
08:47:39:925  INFO 20880 --- [main] com.fshop.admin.fshopAdminApplication    : The following 1 profile is active: "dev"
08:47:41:082 DEBUG 20880 --- [main] o.m.s.mapper.ClassPathMapperScanner      : Identified candidate component class: file [D:\JAVA\fshop\fshop-admin\target\classes\com\fshop\admin\mapper\UserMapper.class]
08:47:41:084 DEBUG 20880 --- [main] o.m.s.mapper.ClassPathMapperScanner      : Creating MapperFactoryBean with name 'userMapper' and 'com.fshop.admin.mapper.UserMapper' mapperInterface
08:47:41:209  INFO 20880 --- [main] o.s.cloud.context.scope.GenericScope     : BeanFactory id=908ecea6-968d-305f-8440-90038ba55ffe
08:47:41:754  INFO 20880 --- [main] o.s.b.w.embedded.tomcat.TomcatWebServer  : Tomcat initialized with port(s): 5600 (http)
08:47:41:755  INFO 20880 --- [main] o.a.catalina.core.AprLifecycleListener   : Loaded Apache Tomcat Native library [1.2.36] using APR version [1.7.2].
08:47:41:756  INFO 20880 --- [main] o.a.catalina.core.AprLifecycleListener   : APR capabilities: IPv6 [true], sendfile [true], accept filters [false], random [true], UDS [true].
08:47:41:756  INFO 20880 --- [main] o.a.catalina.core.AprLifecycleListener   : APR/OpenSSL configuration: useAprConnector [false], useOpenSSL [true]
08:47:41:762  INFO 20880 --- [main] o.a.catalina.core.AprLifecycleListener   : OpenSSL successfully initialized [OpenSSL 1.1.1t  7 Feb 2023]
08:47:41:784  INFO 20880 --- [main] o.apache.catalina.core.StandardService   : Starting service [Tomcat]
08:47:41:784  INFO 20880 --- [main] org.apache.catalina.core.StandardEngine  : Starting Servlet engine: [Apache Tomcat/9.0.69]
08:47:42:228  INFO 20880 --- [main] o.a.c.c.C.[Tomcat].[localhost].[/]       : Initializing Spring embedded WebApplicationContext
08:47:42:228  INFO 20880 --- [main] w.s.c.ServletWebServerApplicationContext : Root WebApplicationContext: initialization completed in 2272 ms
08:47:45:531  WARN 20880 --- [main] c.b.m.core.metadata.TableInfoHelper      : Can not find table primary key in Class: "com.fshop.admin.entity.User".
08:47:45:542  WARN 20880 --- [main] c.b.m.core.injector.DefaultSqlInjector   : class com.fshop.admin.entity.User ,Not found @TableId annotation, Cannot use Mybatis-Plus 'xxById' Method.
08:47:45:893  INFO 20880 --- [main] com.fshop.common.config.WebMvcConfig     : 扩展消息转换器...
08:47:45:902  INFO 20880 --- [main] com.fshop.common.config.WebMvcConfig     : 开始进行静态资源映射...
08:47:49:140  INFO 20880 --- [main] o.s.cloud.commons.util.InetUtils         : Cannot determine local hostname
08:47:49:361  INFO 20880 --- [main] com.alibaba.nacos.common.remote.client   : [RpcClientFactory] create a new rpc client of 3ff7c857-58ef-4e6e-bb85-24708af71355
08:47:49:362  INFO 20880 --- [main] com.alibaba.nacos.common.remote.client   : [3ff7c857-58ef-4e6e-bb85-24708af71355] RpcClient init label, labels = {module=naming, source=sdk}
08:47:49:367  INFO 20880 --- [main] com.alibaba.nacos.common.remote.client   : [3ff7c857-58ef-4e6e-bb85-24708af71355] RpcClient init, ServerListFactory = com.alibaba.nacos.client.naming.core.ServerListManager
08:47:49:367  INFO 20880 --- [main] com.alibaba.nacos.common.remote.client   : [3ff7c857-58ef-4e6e-bb85-24708af71355] Registry connection listener to current client:com.alibaba.nacos.client.naming.remote.gprc.redo.NamingGrpcRedoService
08:47:49:368  INFO 20880 --- [main] com.alibaba.nacos.common.remote.client   : [3ff7c857-58ef-4e6e-bb85-24708af71355] Register server push request handler:com.alibaba.nacos.client.naming.remote.gprc.NamingPushRequestHandler
08:47:49:369  INFO 20880 --- [main] com.alibaba.nacos.common.remote.client   : [3ff7c857-58ef-4e6e-bb85-24708af71355] Try to connect to server on start up, server: {serverIp = '192.168.138.81', server main port = 8848}
08:47:49:486  INFO 20880 --- [main] com.alibaba.nacos.common.remote.client   : [3ff7c857-58ef-4e6e-bb85-24708af71355] Success to connect to server [192.168.138.81:8848] on start up, connectionId = 1714351669377_192.168.138.1_62980
08:47:49:486  INFO 20880 --- [main] com.alibaba.nacos.common.remote.client   : [3ff7c857-58ef-4e6e-bb85-24708af71355] Register server push request handler:com.alibaba.nacos.common.remote.client.RpcClient$ConnectResetRequestHandler
08:47:49:486  INFO 20880 --- [com.alibaba.nacos.client.remote.worker] com.alibaba.nacos.common.remote.client   : [3ff7c857-58ef-4e6e-bb85-24708af71355] Notify connected event to listeners.
08:47:49:487  INFO 20880 --- [main] com.alibaba.nacos.common.remote.client   : [3ff7c857-58ef-4e6e-bb85-24708af71355] Register server push request handler:com.alibaba.nacos.common.remote.client.RpcClient$$Lambda$335/1464565578
08:47:49:605  INFO 20880 --- [main] o.s.b.w.embedded.tomcat.TomcatWebServer  : Tomcat started on port(s): 5600 (http) with context path ''
08:47:49:620  INFO 20880 --- [main] c.a.c.n.registry.NacosServiceRegistry    : nacos registry, DEFAULT_GROUP fshop-admin 10.225.196.74:5600 register finished
08:47:50:087  INFO 20880 --- [nacos-grpc-client-executor-6] com.alibaba.nacos.common.remote.client   : [3ff7c857-58ef-4e6e-bb85-24708af71355] Receive server push request, request = NotifySubscriberRequest, requestId = 12
08:47:50:107  INFO 20880 --- [nacos-grpc-client-executor-6] com.alibaba.nacos.common.remote.client   : [3ff7c857-58ef-4e6e-bb85-24708af71355] Ack server push request, request = NotifySubscriberRequest, requestId = 12
08:47:52:095  INFO 20880 --- [main] o.s.cloud.commons.util.InetUtils         : Cannot determine local hostname
08:47:52:104  INFO 20880 --- [main] com.fshop.admin.fshopAdminApplication    : Started fshopAdminApplication in 21.948 seconds (JVM running for 23.641)
08:47:52:113  INFO 20880 --- [main] c.a.c.n.refresh.NacosContextRefresher    : [Nacos Config] Listening config: dataId=fshop-admin, group=DEFAULT_GROUP
08:47:52:114  INFO 20880 --- [main] c.a.c.n.refresh.NacosContextRefresher    : [Nacos Config] Listening config: dataId=fshop-admin.yml, group=DEFAULT_GROUP
08:47:52:126  INFO 20880 --- [main] c.a.c.n.refresh.NacosContextRefresher    : [Nacos Config] Listening config: dataId=fshop-admin-dev.yml, group=DEFAULT_GROUP
08:47:52:127  INFO 20880 --- [main] com.fshop.admin.fshopAdminApplication    : fshop-默认:Application is running...
08:49:36:578  INFO 20880 --- [http-nio-5600-exec-2] o.a.c.c.C.[Tomcat].[localhost].[/]       : Initializing Spring DispatcherServlet 'dispatcherServlet'
08:49:36:579  INFO 20880 --- [http-nio-5600-exec-2] o.s.web.servlet.DispatcherServlet        : Initializing Servlet 'dispatcherServlet'
08:49:36:581  INFO 20880 --- [http-nio-5600-exec-2] o.s.web.servlet.DispatcherServlet        : Completed initialization in 2 ms
08:49:38:869 DEBUG 20880 --- [http-nio-5600-exec-2] org.mybatis.spring.SqlSessionUtils       : Creating a new SqlSession
08:49:38:989 DEBUG 20880 --- [http-nio-5600-exec-2] org.mybatis.spring.SqlSessionUtils       : SqlSession [org.apache.ibatis.session.defaults.DefaultSqlSession@172c7678] was not registered for synchronization because synchronization is not active
08:49:39:084  INFO 20880 --- [http-nio-5600-exec-2] com.zaxxer.hikari.HikariDataSource       : HikariPool-1 - Starting...
08:49:39:376  INFO 20880 --- [http-nio-5600-exec-2] com.zaxxer.hikari.HikariDataSource       : HikariPool-1 - Start completed.
08:49:39:380 DEBUG 20880 --- [http-nio-5600-exec-2] o.m.s.t.SpringManagedTransaction         : JDBC Connection [HikariProxyConnection@471595483 wrapping com.mysql.cj.jdbc.ConnectionImpl@3e69a048] will not be managed by Spring
08:49:39:388 DEBUG 20880 --- [http-nio-5600-exec-2] c.f.admin.mapper.UserMapper.selectList   : ==>  Preparing: SELECT open_id,nickname,age,sex,phone,status,pic,create_time,update_time FROM user WHERE (open_id = ?)
08:49:39:417 DEBUG 20880 --- [http-nio-5600-exec-2] c.f.admin.mapper.UserMapper.selectList   : ==> Parameters: oroZ-6xafW3S8SkE6tKg1WL2HwFw(String)
08:49:39:470 DEBUG 20880 --- [http-nio-5600-exec-2] c.f.admin.mapper.UserMapper.selectList   : <==      Total: 1
08:49:39:475 DEBUG 20880 --- [http-nio-5600-exec-2] org.mybatis.spring.SqlSessionUtils       : Closing non transactional SqlSession [org.apache.ibatis.session.defaults.DefaultSqlSession@172c7678]
08:49:39:569  INFO 20880 --- [http-nio-5600-exec-3] com.fshop.common.utils.HeadUtils         : token:Bearer oroZ-6xafW3S8SkE6tKg1WL2HwFw
08:49:39:569 DEBUG 20880 --- [http-nio-5600-exec-3] org.mybatis.spring.SqlSessionUtils       : Creating a new SqlSession
08:49:39:570 DEBUG 20880 --- [http-nio-5600-exec-3] org.mybatis.spring.SqlSessionUtils       : SqlSession [org.apache.ibatis.session.defaults.DefaultSqlSession@32755b5d] was not registered for synchronization because synchronization is not active
08:49:39:572 DEBUG 20880 --- [http-nio-5600-exec-3] o.m.s.t.SpringManagedTransaction         : JDBC Connection [HikariProxyConnection@2004337527 wrapping com.mysql.cj.jdbc.ConnectionImpl@3e69a048] will not be managed by Spring
08:49:39:572 DEBUG 20880 --- [http-nio-5600-exec-3] c.f.admin.mapper.UserMapper.selectList   : ==>  Preparing: SELECT open_id,nickname,age,sex,phone,status,pic,create_time,update_time FROM user WHERE (open_id = ?)
08:49:39:573 DEBUG 20880 --- [http-nio-5600-exec-3] c.f.admin.mapper.UserMapper.selectList   : ==> Parameters: oroZ-6xafW3S8SkE6tKg1WL2HwFw(String)
08:49:39:575 DEBUG 20880 --- [http-nio-5600-exec-3] c.f.admin.mapper.UserMapper.selectList   : <==      Total: 1
08:49:39:576 DEBUG 20880 --- [http-nio-5600-exec-3] org.mybatis.spring.SqlSessionUtils       : Closing non transactional SqlSession [org.apache.ibatis.session.defaults.DefaultSqlSession@32755b5d]
08:53:40:141 DEBUG 20880 --- [http-nio-5600-exec-4] org.mybatis.spring.SqlSessionUtils       : Creating a new SqlSession
08:53:40:147 DEBUG 20880 --- [http-nio-5600-exec-4] org.mybatis.spring.SqlSessionUtils       : SqlSession [org.apache.ibatis.session.defaults.DefaultSqlSession@4246e838] was not registered for synchronization because synchronization is not active
08:53:40:173 DEBUG 20880 --- [http-nio-5600-exec-4] o.m.s.t.SpringManagedTransaction         : JDBC Connection [HikariProxyConnection@729484292 wrapping com.mysql.cj.jdbc.ConnectionImpl@3e69a048] will not be managed by Spring
08:53:40:175 DEBUG 20880 --- [http-nio-5600-exec-4] c.f.admin.mapper.UserMapper.selectList   : ==>  Preparing: SELECT open_id,nickname,age,sex,phone,status,pic,create_time,update_time FROM user WHERE (open_id = ?)
08:53:40:182 DEBUG 20880 --- [http-nio-5600-exec-4] c.f.admin.mapper.UserMapper.selectList   : ==> Parameters: oroZ-6xafW3S8SkE6tKg1WL2HwFw(String)
08:53:40:193 DEBUG 20880 --- [http-nio-5600-exec-4] c.f.admin.mapper.UserMapper.selectList   : <==      Total: 1
08:53:40:194 DEBUG 20880 --- [http-nio-5600-exec-4] org.mybatis.spring.SqlSessionUtils       : Closing non transactional SqlSession [org.apache.ibatis.session.defaults.DefaultSqlSession@4246e838]
08:53:40:252  INFO 20880 --- [http-nio-5600-exec-5] com.fshop.common.utils.HeadUtils         : token:Bearer oroZ-6xafW3S8SkE6tKg1WL2HwFw
08:53:40:253 DEBUG 20880 --- [http-nio-5600-exec-5] org.mybatis.spring.SqlSessionUtils       : Creating a new SqlSession
08:53:40:253 DEBUG 20880 --- [http-nio-5600-exec-5] org.mybatis.spring.SqlSessionUtils       : SqlSession [org.apache.ibatis.session.defaults.DefaultSqlSession@1117946] was not registered for synchronization because synchronization is not active
08:53:40:258 DEBUG 20880 --- [http-nio-5600-exec-5] o.m.s.t.SpringManagedTransaction         : JDBC Connection [HikariProxyConnection@1324059951 wrapping com.mysql.cj.jdbc.ConnectionImpl@3e69a048] will not be managed by Spring
08:53:40:258 DEBUG 20880 --- [http-nio-5600-exec-5] c.f.admin.mapper.UserMapper.selectList   : ==>  Preparing: SELECT open_id,nickname,age,sex,phone,status,pic,create_time,update_time FROM user WHERE (open_id = ?)
08:53:40:258 DEBUG 20880 --- [http-nio-5600-exec-5] c.f.admin.mapper.UserMapper.selectList   : ==> Parameters: oroZ-6xafW3S8SkE6tKg1WL2HwFw(String)
08:53:40:261 DEBUG 20880 --- [http-nio-5600-exec-5] c.f.admin.mapper.UserMapper.selectList   : <==      Total: 1
08:53:40:262 DEBUG 20880 --- [http-nio-5600-exec-5] org.mybatis.spring.SqlSessionUtils       : Closing non transactional SqlSession [org.apache.ibatis.session.defaults.DefaultSqlSession@1117946]
