08:35:22:276  INFO 22576 --- [main] com.fshop.item.ItemApplication           : The following 1 profile is active: "dev"
08:35:25:555 DEBUG 22576 --- [main] o.m.s.mapper.ClassPathMapperScanner      : Identified candidate component class: file [D:\JAVA\fshop\item-service\target\classes\com\fshop\item\mapper\CategoryMapper.class]
08:35:25:556 DEBUG 22576 --- [main] o.m.s.mapper.ClassPathMapperScanner      : Identified candidate component class: file [D:\JAVA\fshop\item-service\target\classes\com\fshop\item\mapper\ClothMapper.class]
08:35:25:556 DEBUG 22576 --- [main] o.m.s.mapper.ClassPathMapperScanner      : Identified candidate component class: file [D:\JAVA\fshop\item-service\target\classes\com\fshop\item\mapper\HotMapper.class]
08:35:25:557 DEBUG 22576 --- [main] o.m.s.mapper.ClassPathMapperScanner      : Identified candidate component class: file [D:\JAVA\fshop\item-service\target\classes\com\fshop\item\mapper\PictureMapper.class]
08:35:25:557 DEBUG 22576 --- [main] o.m.s.mapper.ClassPathMapperScanner      : Identified candidate component class: file [D:\JAVA\fshop\item-service\target\classes\com\fshop\item\mapper\SpecsMapper.class]
08:35:25:560 DEBUG 22576 --- [main] o.m.s.mapper.ClassPathMapperScanner      : Creating MapperFactoryBean with name 'categoryMapper' and 'com.fshop.item.mapper.CategoryMapper' mapperInterface
08:35:25:569 DEBUG 22576 --- [main] o.m.s.mapper.ClassPathMapperScanner      : Enabling autowire by type for MapperFactoryBean with name 'categoryMapper'.
08:35:25:569 DEBUG 22576 --- [main] o.m.s.mapper.ClassPathMapperScanner      : Creating MapperFactoryBean with name 'clothMapper' and 'com.fshop.item.mapper.ClothMapper' mapperInterface
08:35:25:571 DEBUG 22576 --- [main] o.m.s.mapper.ClassPathMapperScanner      : Enabling autowire by type for MapperFactoryBean with name 'clothMapper'.
08:35:25:572 DEBUG 22576 --- [main] o.m.s.mapper.ClassPathMapperScanner      : Creating MapperFactoryBean with name 'hotMapper' and 'com.fshop.item.mapper.HotMapper' mapperInterface
08:35:25:573 DEBUG 22576 --- [main] o.m.s.mapper.ClassPathMapperScanner      : Enabling autowire by type for MapperFactoryBean with name 'hotMapper'.
08:35:25:574 DEBUG 22576 --- [main] o.m.s.mapper.ClassPathMapperScanner      : Creating MapperFactoryBean with name 'pictureMapper' and 'com.fshop.item.mapper.PictureMapper' mapperInterface
08:35:25:575 DEBUG 22576 --- [main] o.m.s.mapper.ClassPathMapperScanner      : Enabling autowire by type for MapperFactoryBean with name 'pictureMapper'.
08:35:25:576 DEBUG 22576 --- [main] o.m.s.mapper.ClassPathMapperScanner      : Creating MapperFactoryBean with name 'specsMapper' and 'com.fshop.item.mapper.SpecsMapper' mapperInterface
08:35:25:577 DEBUG 22576 --- [main] o.m.s.mapper.ClassPathMapperScanner      : Enabling autowire by type for MapperFactoryBean with name 'specsMapper'.
08:35:25:860  INFO 22576 --- [main] o.s.cloud.context.scope.GenericScope     : BeanFactory id=171a5689-9c68-32c3-a2a4-c3c7feae9ec1
08:35:27:451  INFO 22576 --- [main] o.s.b.w.embedded.tomcat.TomcatWebServer  : Tomcat initialized with port(s): 5601 (http)
08:35:27:454  INFO 22576 --- [main] o.a.catalina.core.AprLifecycleListener   : Loaded Apache Tomcat Native library [1.2.36] using APR version [1.7.2].
08:35:27:454  INFO 22576 --- [main] o.a.catalina.core.AprLifecycleListener   : APR capabilities: IPv6 [true], sendfile [true], accept filters [false], random [true], UDS [true].
08:35:27:454  INFO 22576 --- [main] o.a.catalina.core.AprLifecycleListener   : APR/OpenSSL configuration: useAprConnector [false], useOpenSSL [true]
08:35:27:468  INFO 22576 --- [main] o.a.catalina.core.AprLifecycleListener   : OpenSSL successfully initialized [OpenSSL 1.1.1t  7 Feb 2023]
08:35:27:502  INFO 22576 --- [main] o.apache.catalina.core.StandardService   : Starting service [Tomcat]
08:35:27:503  INFO 22576 --- [main] org.apache.catalina.core.StandardEngine  : Starting Servlet engine: [Apache Tomcat/9.0.69]
08:35:28:238  INFO 22576 --- [main] o.a.c.c.C.[Tomcat].[localhost].[/]       : Initializing Spring embedded WebApplicationContext
08:35:28:239  INFO 22576 --- [main] w.s.c.ServletWebServerApplicationContext : Root WebApplicationContext: initialization completed in 5830 ms
08:35:34:346  WARN 22576 --- [main] c.b.m.core.metadata.TableInfoHelper      : Can not find table primary key in Class: "com.fshop.item.entity.Category".
08:35:34:413  WARN 22576 --- [main] c.b.m.core.injector.DefaultSqlInjector   : class com.fshop.item.entity.Category ,Not found @TableId annotation, Cannot use Mybatis-Plus 'xxById' Method.
08:35:35:130  WARN 22576 --- [main] c.b.m.core.metadata.TableInfoHelper      : Can not find table primary key in Class: "com.fshop.item.entity.Hot".
08:35:35:131  WARN 22576 --- [main] c.b.m.core.injector.DefaultSqlInjector   : class com.fshop.item.entity.Hot ,Not found @TableId annotation, Cannot use Mybatis-Plus 'xxById' Method.
08:35:35:218  WARN 22576 --- [main] c.b.m.core.metadata.TableInfoHelper      : Can not find table primary key in Class: "com.fshop.item.entity.Picture".
08:35:35:219  WARN 22576 --- [main] c.b.m.core.injector.DefaultSqlInjector   : class com.fshop.item.entity.Picture ,Not found @TableId annotation, Cannot use Mybatis-Plus 'xxById' Method.
08:35:35:297  WARN 22576 --- [main] c.b.m.core.metadata.TableInfoHelper      : Can not find table primary key in Class: "com.fshop.item.entity.Specs".
08:35:35:298  WARN 22576 --- [main] c.b.m.core.injector.DefaultSqlInjector   : class com.fshop.item.entity.Specs ,Not found @TableId annotation, Cannot use Mybatis-Plus 'xxById' Method.
08:35:35:602  INFO 22576 --- [main] com.fshop.common.config.WebMvcConfig     : 扩展消息转换器...
08:35:35:625  INFO 22576 --- [main] com.fshop.common.config.WebMvcConfig     : 开始进行静态资源映射...
08:35:39:670  INFO 22576 --- [main] o.s.cloud.commons.util.InetUtils         : Cannot determine local hostname
08:35:39:891  WARN 22576 --- [main] iguration$LoadBalancerCaffeineWarnLogger : Spring Cloud LoadBalancer is currently working with the default cache. While this cache implementation is useful for development and tests, it's recommended to use Caffeine cache in production.You can switch to using Caffeine cache, by adding it and org.springframework.cache.caffeine.CaffeineCacheManager to the classpath.
08:35:40:309  INFO 22576 --- [main] com.alibaba.nacos.common.remote.client   : [RpcClientFactory] create a new rpc client of 75ad11c8-4df3-4a7e-a431-122a41e6acbc
08:35:40:310  INFO 22576 --- [main] com.alibaba.nacos.common.remote.client   : [75ad11c8-4df3-4a7e-a431-122a41e6acbc] RpcClient init label, labels = {module=naming, source=sdk}
08:35:40:315  INFO 22576 --- [main] com.alibaba.nacos.common.remote.client   : [75ad11c8-4df3-4a7e-a431-122a41e6acbc] RpcClient init, ServerListFactory = com.alibaba.nacos.client.naming.core.ServerListManager
08:35:40:316  INFO 22576 --- [main] com.alibaba.nacos.common.remote.client   : [75ad11c8-4df3-4a7e-a431-122a41e6acbc] Registry connection listener to current client:com.alibaba.nacos.client.naming.remote.gprc.redo.NamingGrpcRedoService
08:35:40:317  INFO 22576 --- [main] com.alibaba.nacos.common.remote.client   : [75ad11c8-4df3-4a7e-a431-122a41e6acbc] Register server push request handler:com.alibaba.nacos.client.naming.remote.gprc.NamingPushRequestHandler
08:35:40:318  INFO 22576 --- [main] com.alibaba.nacos.common.remote.client   : [75ad11c8-4df3-4a7e-a431-122a41e6acbc] Try to connect to server on start up, server: {serverIp = '192.168.138.81', server main port = 8848}
08:35:40:512  INFO 22576 --- [main] com.alibaba.nacos.common.remote.client   : [75ad11c8-4df3-4a7e-a431-122a41e6acbc] Success to connect to server [192.168.138.81:8848] on start up, connectionId = 1714350939916_192.168.138.1_56275
08:35:40:512  INFO 22576 --- [main] com.alibaba.nacos.common.remote.client   : [75ad11c8-4df3-4a7e-a431-122a41e6acbc] Register server push request handler:com.alibaba.nacos.common.remote.client.RpcClient$ConnectResetRequestHandler
08:35:40:512  INFO 22576 --- [com.alibaba.nacos.client.remote.worker] com.alibaba.nacos.common.remote.client   : [75ad11c8-4df3-4a7e-a431-122a41e6acbc] Notify connected event to listeners.
08:35:40:513  INFO 22576 --- [main] com.alibaba.nacos.common.remote.client   : [75ad11c8-4df3-4a7e-a431-122a41e6acbc] Register server push request handler:com.alibaba.nacos.common.remote.client.RpcClient$$Lambda$337/1666419636
08:35:40:780  INFO 22576 --- [main] o.s.b.w.embedded.tomcat.TomcatWebServer  : Tomcat started on port(s): 5601 (http) with context path ''
08:35:40:808  INFO 22576 --- [main] c.a.c.n.registry.NacosServiceRegistry    : nacos registry, DEFAULT_GROUP fshop-item 192.168.1.28:5601 register finished
08:35:41:153  INFO 22576 --- [nacos-grpc-client-executor-5] com.alibaba.nacos.common.remote.client   : [75ad11c8-4df3-4a7e-a431-122a41e6acbc] Receive server push request, request = NotifySubscriberRequest, requestId = 2
08:35:41:187  INFO 22576 --- [nacos-grpc-client-executor-5] com.alibaba.nacos.common.remote.client   : [75ad11c8-4df3-4a7e-a431-122a41e6acbc] Ack server push request, request = NotifySubscriberRequest, requestId = 2
08:35:43:800  INFO 22576 --- [main] o.s.cloud.commons.util.InetUtils         : Cannot determine local hostname
08:35:43:814  INFO 22576 --- [main] com.fshop.item.ItemApplication           : Started ItemApplication in 40.485 seconds (JVM running for 43.924)
08:35:43:827  INFO 22576 --- [main] c.a.c.n.refresh.NacosContextRefresher    : [Nacos Config] Listening config: dataId=fshop-item, group=DEFAULT_GROUP
08:35:43:828  INFO 22576 --- [main] c.a.c.n.refresh.NacosContextRefresher    : [Nacos Config] Listening config: dataId=fshop-item.yml, group=DEFAULT_GROUP
08:35:43:843  INFO 22576 --- [main] c.a.c.n.refresh.NacosContextRefresher    : [Nacos Config] Listening config: dataId=fshop-item-dev.yml, group=DEFAULT_GROUP
08:35:43:844  INFO 22576 --- [main] com.fshop.item.ItemApplication           : fshop-商品服务启动成功
08:47:20:580  WARN 22576 --- [Thread-14] c.a.n.common.http.HttpClientBeanHolder   : [HttpClientBeanHolder] Start destroying common HttpClient
08:47:20:581  WARN 22576 --- [Thread-24] c.a.nacos.common.notify.NotifyCenter     : [NotifyCenter] Start destroying Publisher
08:47:20:586  WARN 22576 --- [Thread-24] c.a.nacos.common.notify.NotifyCenter     : [NotifyCenter] Destruction of the end
08:47:20:592  WARN 22576 --- [Thread-14] c.a.n.common.http.HttpClientBeanHolder   : [HttpClientBeanHolder] Destruction of the end
08:47:21:554  INFO 22576 --- [SpringApplicationShutdownHook] c.a.c.n.registry.NacosServiceRegistry    : De-registering from Nacos Server now...
08:47:21:561  INFO 22576 --- [SpringApplicationShutdownHook] c.a.c.n.registry.NacosServiceRegistry    : De-registration finished.
08:47:21:896  INFO 22576 --- [SpringApplicationShutdownHook] com.alibaba.nacos.common.remote.client   : Shutdown rpc client, set status to shutdown
08:47:21:897  INFO 22576 --- [SpringApplicationShutdownHook] com.alibaba.nacos.common.remote.client   : Shutdown client event executor java.util.concurrent.ScheduledThreadPoolExecutor@16b83aaf[Running, pool size = 2, active threads = 2, queued tasks = 0, completed tasks = 0]
08:47:21:898  INFO 22576 --- [SpringApplicationShutdownHook] com.alibaba.nacos.common.remote.client   : Close current connection 1714350939916_192.168.138.1_56275
08:47:21:901  INFO 22576 --- [nacos-grpc-client-executor-152] c.a.n.c.remote.client.grpc.GrpcClient    : [1714350939916_192.168.138.1_56275]Ignore complete event,isRunning:false,isAbandon=false
08:47:21:914  INFO 22576 --- [SpringApplicationShutdownHook] c.a.n.c.remote.client.grpc.GrpcClient    : Shutdown grpc executor java.util.concurrent.ThreadPoolExecutor@3f6956f5[Running, pool size = 5, active threads = 0, queued tasks = 0, completed tasks = 153]
