08:36:02:792  INFO 16616 --- [main] com.fshop.cart.fshopCartApplication      : The following 1 profile is active: "dev"
08:36:05:700 DEBUG 16616 --- [main] o.m.s.mapper.ClassPathMapperScanner      : Identified candidate component class: file [D:\JAVA\fshop\fshop-cart\target\classes\com\fshop\cart\mapper\AddressMapper.class]
08:36:05:702 DEBUG 16616 --- [main] o.m.s.mapper.ClassPathMapperScanner      : Identified candidate component class: file [D:\JAVA\fshop\fshop-cart\target\classes\com\fshop\cart\mapper\CartsMapper.class]
08:36:05:704 DEBUG 16616 --- [main] o.m.s.mapper.ClassPathMapperScanner      : Creating MapperFactoryBean with name 'addressMapper' and 'com.fshop.cart.mapper.AddressMapper' mapperInterface
08:36:05:711 DEBUG 16616 --- [main] o.m.s.mapper.ClassPathMapperScanner      : Creating MapperFactoryBean with name 'cartsMapper' and 'com.fshop.cart.mapper.CartsMapper' mapperInterface
08:36:05:952  INFO 16616 --- [main] o.s.cloud.context.scope.GenericScope     : BeanFactory id=f28f50b7-0b77-3a46-a4c6-dcca5d255882
08:36:06:831  INFO 16616 --- [main] o.s.b.w.embedded.tomcat.TomcatWebServer  : Tomcat initialized with port(s): 5602 (http)
08:36:06:833  INFO 16616 --- [main] o.a.catalina.core.AprLifecycleListener   : Loaded Apache Tomcat Native library [1.2.36] using APR version [1.7.2].
08:36:06:834  INFO 16616 --- [main] o.a.catalina.core.AprLifecycleListener   : APR capabilities: IPv6 [true], sendfile [true], accept filters [false], random [true], UDS [true].
08:36:06:836  INFO 16616 --- [main] o.a.catalina.core.AprLifecycleListener   : APR/OpenSSL configuration: useAprConnector [false], useOpenSSL [true]
08:36:06:841  INFO 16616 --- [main] o.a.catalina.core.AprLifecycleListener   : OpenSSL successfully initialized [OpenSSL 1.1.1t  7 Feb 2023]
08:36:06:869  INFO 16616 --- [main] o.apache.catalina.core.StandardService   : Starting service [Tomcat]
08:36:06:870  INFO 16616 --- [main] org.apache.catalina.core.StandardEngine  : Starting Servlet engine: [Apache Tomcat/9.0.69]
08:36:07:308  INFO 16616 --- [main] o.a.c.c.C.[Tomcat].[localhost].[/]       : Initializing Spring embedded WebApplicationContext
08:36:07:308  INFO 16616 --- [main] w.s.c.ServletWebServerApplicationContext : Root WebApplicationContext: initialization completed in 4452 ms
08:36:10:770  WARN 16616 --- [main] c.b.m.core.metadata.TableInfoHelper      : Can not find table primary key in Class: "com.fshop.cart.entity.Address".
08:36:10:861  WARN 16616 --- [main] c.b.m.core.injector.DefaultSqlInjector   : class com.fshop.cart.entity.Address ,Not found @TableId annotation, Cannot use Mybatis-Plus 'xxById' Method.
08:36:11:498  WARN 16616 --- [main] c.b.m.core.metadata.TableInfoHelper      : Can not find table primary key in Class: "com.fshop.cart.entity.Carts".
08:36:11:498  WARN 16616 --- [main] c.b.m.core.injector.DefaultSqlInjector   : class com.fshop.cart.entity.Carts ,Not found @TableId annotation, Cannot use Mybatis-Plus 'xxById' Method.
08:36:11:651  INFO 16616 --- [main] com.fshop.common.config.WebMvcConfig     : 扩展消息转换器...
08:36:11:659  INFO 16616 --- [main] com.fshop.common.config.WebMvcConfig     : 开始进行静态资源映射...
08:36:13:947  INFO 16616 --- [main] o.s.cloud.commons.util.InetUtils         : Cannot determine local hostname
08:36:14:108  WARN 16616 --- [main] iguration$LoadBalancerCaffeineWarnLogger : Spring Cloud LoadBalancer is currently working with the default cache. While this cache implementation is useful for development and tests, it's recommended to use Caffeine cache in production.You can switch to using Caffeine cache, by adding it and org.springframework.cache.caffeine.CaffeineCacheManager to the classpath.
08:36:14:249  INFO 16616 --- [main] com.alibaba.nacos.common.remote.client   : [RpcClientFactory] create a new rpc client of 0b6abfff-66c5-4937-8726-10a187337e92
08:36:14:249  INFO 16616 --- [main] com.alibaba.nacos.common.remote.client   : [0b6abfff-66c5-4937-8726-10a187337e92] RpcClient init label, labels = {module=naming, source=sdk}
08:36:14:251  INFO 16616 --- [main] com.alibaba.nacos.common.remote.client   : [0b6abfff-66c5-4937-8726-10a187337e92] RpcClient init, ServerListFactory = com.alibaba.nacos.client.naming.core.ServerListManager
08:36:14:251  INFO 16616 --- [main] com.alibaba.nacos.common.remote.client   : [0b6abfff-66c5-4937-8726-10a187337e92] Registry connection listener to current client:com.alibaba.nacos.client.naming.remote.gprc.redo.NamingGrpcRedoService
08:36:14:252  INFO 16616 --- [main] com.alibaba.nacos.common.remote.client   : [0b6abfff-66c5-4937-8726-10a187337e92] Register server push request handler:com.alibaba.nacos.client.naming.remote.gprc.NamingPushRequestHandler
08:36:14:253  INFO 16616 --- [main] com.alibaba.nacos.common.remote.client   : [0b6abfff-66c5-4937-8726-10a187337e92] Try to connect to server on start up, server: {serverIp = '192.168.138.81', server main port = 8848}
08:36:14:365  INFO 16616 --- [main] com.alibaba.nacos.common.remote.client   : [0b6abfff-66c5-4937-8726-10a187337e92] Success to connect to server [192.168.138.81:8848] on start up, connectionId = 1714350971126_192.168.138.1_60344
08:36:14:365  INFO 16616 --- [main] com.alibaba.nacos.common.remote.client   : [0b6abfff-66c5-4937-8726-10a187337e92] Register server push request handler:com.alibaba.nacos.common.remote.client.RpcClient$ConnectResetRequestHandler
08:36:14:365  INFO 16616 --- [com.alibaba.nacos.client.remote.worker] com.alibaba.nacos.common.remote.client   : [0b6abfff-66c5-4937-8726-10a187337e92] Notify connected event to listeners.
08:36:14:365  INFO 16616 --- [main] com.alibaba.nacos.common.remote.client   : [0b6abfff-66c5-4937-8726-10a187337e92] Register server push request handler:com.alibaba.nacos.common.remote.client.RpcClient$$Lambda$335/1115349385
08:36:14:448  INFO 16616 --- [main] o.s.b.w.embedded.tomcat.TomcatWebServer  : Tomcat started on port(s): 5602 (http) with context path ''
08:36:14:461  INFO 16616 --- [main] c.a.c.n.registry.NacosServiceRegistry    : nacos registry, DEFAULT_GROUP fshop-cart 192.168.1.28:5602 register finished
08:36:15:022  INFO 16616 --- [nacos-grpc-client-executor-6] com.alibaba.nacos.common.remote.client   : [0b6abfff-66c5-4937-8726-10a187337e92] Receive server push request, request = NotifySubscriberRequest, requestId = 6
08:36:15:035  INFO 16616 --- [nacos-grpc-client-executor-6] com.alibaba.nacos.common.remote.client   : [0b6abfff-66c5-4937-8726-10a187337e92] Ack server push request, request = NotifySubscriberRequest, requestId = 6
08:36:16:403  INFO 16616 --- [main] o.s.cloud.commons.util.InetUtils         : Cannot determine local hostname
08:36:16:415  INFO 16616 --- [main] com.fshop.cart.fshopCartApplication      : Started fshopCartApplication in 27.669 seconds (JVM running for 32.082)
08:36:16:425  INFO 16616 --- [main] c.a.c.n.refresh.NacosContextRefresher    : [Nacos Config] Listening config: dataId=fshop-cart.yml, group=DEFAULT_GROUP
08:36:16:426  INFO 16616 --- [main] c.a.c.n.refresh.NacosContextRefresher    : [Nacos Config] Listening config: dataId=fshop-cart, group=DEFAULT_GROUP
08:36:16:437  INFO 16616 --- [main] c.a.c.n.refresh.NacosContextRefresher    : [Nacos Config] Listening config: dataId=fshop-cart-dev.yml, group=DEFAULT_GROUP
08:36:16:438  INFO 16616 --- [main] com.fshop.cart.fshopCartApplication      : fshop-购物车:Application is running...
08:47:20:734  WARN 16616 --- [Thread-21] c.a.nacos.common.notify.NotifyCenter     : [NotifyCenter] Start destroying Publisher
08:47:20:734  WARN 16616 --- [Thread-10] c.a.n.common.http.HttpClientBeanHolder   : [HttpClientBeanHolder] Start destroying common HttpClient
08:47:20:738  WARN 16616 --- [Thread-21] c.a.nacos.common.notify.NotifyCenter     : [NotifyCenter] Destruction of the end
08:47:20:741  WARN 16616 --- [Thread-10] c.a.n.common.http.HttpClientBeanHolder   : [HttpClientBeanHolder] Destruction of the end
08:47:21:716  INFO 16616 --- [SpringApplicationShutdownHook] c.a.c.n.registry.NacosServiceRegistry    : De-registering from Nacos Server now...
08:47:21:721  INFO 16616 --- [SpringApplicationShutdownHook] c.a.c.n.registry.NacosServiceRegistry    : De-registration finished.
08:47:22:051  INFO 16616 --- [SpringApplicationShutdownHook] com.alibaba.nacos.common.remote.client   : Shutdown rpc client, set status to shutdown
08:47:22:052  INFO 16616 --- [SpringApplicationShutdownHook] com.alibaba.nacos.common.remote.client   : Shutdown client event executor java.util.concurrent.ScheduledThreadPoolExecutor@79e91e1[Running, pool size = 2, active threads = 2, queued tasks = 0, completed tasks = 0]
08:47:22:052  INFO 16616 --- [SpringApplicationShutdownHook] com.alibaba.nacos.common.remote.client   : Close current connection 1714350971126_192.168.138.1_60344
08:47:22:056  INFO 16616 --- [nacos-grpc-client-executor-144] c.a.n.c.remote.client.grpc.GrpcClient    : [1714350971126_192.168.138.1_60344]Ignore complete event,isRunning:false,isAbandon=false
08:47:22:066  INFO 16616 --- [SpringApplicationShutdownHook] c.a.n.c.remote.client.grpc.GrpcClient    : Shutdown grpc executor java.util.concurrent.ThreadPoolExecutor@234f877[Running, pool size = 5, active threads = 0, queued tasks = 0, completed tasks = 145]
08:48:04:756  INFO 23120 --- [main] com.fshop.cart.fshopCartApplication      : The following 1 profile is active: "dev"
08:48:05:900 DEBUG 23120 --- [main] o.m.s.mapper.ClassPathMapperScanner      : Identified candidate component class: file [D:\JAVA\fshop\fshop-cart\target\classes\com\fshop\cart\mapper\AddressMapper.class]
08:48:05:901 DEBUG 23120 --- [main] o.m.s.mapper.ClassPathMapperScanner      : Identified candidate component class: file [D:\JAVA\fshop\fshop-cart\target\classes\com\fshop\cart\mapper\CartsMapper.class]
08:48:05:902 DEBUG 23120 --- [main] o.m.s.mapper.ClassPathMapperScanner      : Creating MapperFactoryBean with name 'addressMapper' and 'com.fshop.cart.mapper.AddressMapper' mapperInterface
08:48:05:907 DEBUG 23120 --- [main] o.m.s.mapper.ClassPathMapperScanner      : Creating MapperFactoryBean with name 'cartsMapper' and 'com.fshop.cart.mapper.CartsMapper' mapperInterface
08:48:06:017  INFO 23120 --- [main] o.s.cloud.context.scope.GenericScope     : BeanFactory id=f28f50b7-0b77-3a46-a4c6-dcca5d255882
08:48:06:529  INFO 23120 --- [main] o.s.b.w.embedded.tomcat.TomcatWebServer  : Tomcat initialized with port(s): 5602 (http)
08:48:06:530  INFO 23120 --- [main] o.a.catalina.core.AprLifecycleListener   : Loaded Apache Tomcat Native library [1.2.36] using APR version [1.7.2].
08:48:06:530  INFO 23120 --- [main] o.a.catalina.core.AprLifecycleListener   : APR capabilities: IPv6 [true], sendfile [true], accept filters [false], random [true], UDS [true].
08:48:06:530  INFO 23120 --- [main] o.a.catalina.core.AprLifecycleListener   : APR/OpenSSL configuration: useAprConnector [false], useOpenSSL [true]
08:48:06:535  INFO 23120 --- [main] o.a.catalina.core.AprLifecycleListener   : OpenSSL successfully initialized [OpenSSL 1.1.1t  7 Feb 2023]
08:48:06:551  INFO 23120 --- [main] o.apache.catalina.core.StandardService   : Starting service [Tomcat]
08:48:06:552  INFO 23120 --- [main] org.apache.catalina.core.StandardEngine  : Starting Servlet engine: [Apache Tomcat/9.0.69]
08:48:06:855  INFO 23120 --- [main] o.a.c.c.C.[Tomcat].[localhost].[/]       : Initializing Spring embedded WebApplicationContext
08:48:06:855  INFO 23120 --- [main] w.s.c.ServletWebServerApplicationContext : Root WebApplicationContext: initialization completed in 2069 ms
08:48:09:421  WARN 23120 --- [main] c.b.m.core.metadata.TableInfoHelper      : Can not find table primary key in Class: "com.fshop.cart.entity.Address".
08:48:09:433  WARN 23120 --- [main] c.b.m.core.injector.DefaultSqlInjector   : class com.fshop.cart.entity.Address ,Not found @TableId annotation, Cannot use Mybatis-Plus 'xxById' Method.
08:48:09:602  WARN 23120 --- [main] c.b.m.core.metadata.TableInfoHelper      : Can not find table primary key in Class: "com.fshop.cart.entity.Carts".
08:48:09:602  WARN 23120 --- [main] c.b.m.core.injector.DefaultSqlInjector   : class com.fshop.cart.entity.Carts ,Not found @TableId annotation, Cannot use Mybatis-Plus 'xxById' Method.
08:48:09:740  INFO 23120 --- [main] com.fshop.common.config.WebMvcConfig     : 扩展消息转换器...
08:48:09:748  INFO 23120 --- [main] com.fshop.common.config.WebMvcConfig     : 开始进行静态资源映射...
08:48:12:068  INFO 23120 --- [main] o.s.cloud.commons.util.InetUtils         : Cannot determine local hostname
08:48:12:238  WARN 23120 --- [main] iguration$LoadBalancerCaffeineWarnLogger : Spring Cloud LoadBalancer is currently working with the default cache. While this cache implementation is useful for development and tests, it's recommended to use Caffeine cache in production.You can switch to using Caffeine cache, by adding it and org.springframework.cache.caffeine.CaffeineCacheManager to the classpath.
08:48:12:371  INFO 23120 --- [main] com.alibaba.nacos.common.remote.client   : [RpcClientFactory] create a new rpc client of 4a0bbbe8-e519-43d4-b7bb-0eff838eee87
08:48:12:372  INFO 23120 --- [main] com.alibaba.nacos.common.remote.client   : [4a0bbbe8-e519-43d4-b7bb-0eff838eee87] RpcClient init label, labels = {module=naming, source=sdk}
08:48:12:375  INFO 23120 --- [main] com.alibaba.nacos.common.remote.client   : [4a0bbbe8-e519-43d4-b7bb-0eff838eee87] RpcClient init, ServerListFactory = com.alibaba.nacos.client.naming.core.ServerListManager
08:48:12:375  INFO 23120 --- [main] com.alibaba.nacos.common.remote.client   : [4a0bbbe8-e519-43d4-b7bb-0eff838eee87] Registry connection listener to current client:com.alibaba.nacos.client.naming.remote.gprc.redo.NamingGrpcRedoService
08:48:12:376  INFO 23120 --- [main] com.alibaba.nacos.common.remote.client   : [4a0bbbe8-e519-43d4-b7bb-0eff838eee87] Register server push request handler:com.alibaba.nacos.client.naming.remote.gprc.NamingPushRequestHandler
08:48:12:376  INFO 23120 --- [main] com.alibaba.nacos.common.remote.client   : [4a0bbbe8-e519-43d4-b7bb-0eff838eee87] Try to connect to server on start up, server: {serverIp = '192.168.138.81', server main port = 8848}
08:48:12:494  INFO 23120 --- [main] com.alibaba.nacos.common.remote.client   : [4a0bbbe8-e519-43d4-b7bb-0eff838eee87] Success to connect to server [192.168.138.81:8848] on start up, connectionId = 1714351692294_192.168.138.1_55014
08:48:12:494  INFO 23120 --- [main] com.alibaba.nacos.common.remote.client   : [4a0bbbe8-e519-43d4-b7bb-0eff838eee87] Register server push request handler:com.alibaba.nacos.common.remote.client.RpcClient$ConnectResetRequestHandler
08:48:12:494  INFO 23120 --- [main] com.alibaba.nacos.common.remote.client   : [4a0bbbe8-e519-43d4-b7bb-0eff838eee87] Register server push request handler:com.alibaba.nacos.common.remote.client.RpcClient$$Lambda$335/185674515
08:48:12:494  INFO 23120 --- [com.alibaba.nacos.client.remote.worker] com.alibaba.nacos.common.remote.client   : [4a0bbbe8-e519-43d4-b7bb-0eff838eee87] Notify connected event to listeners.
08:48:12:579  INFO 23120 --- [main] o.s.b.w.embedded.tomcat.TomcatWebServer  : Tomcat started on port(s): 5602 (http) with context path ''
08:48:12:592  INFO 23120 --- [main] c.a.c.n.registry.NacosServiceRegistry    : nacos registry, DEFAULT_GROUP fshop-cart 10.225.196.74:5602 register finished
08:48:13:134  INFO 23120 --- [nacos-grpc-client-executor-6] com.alibaba.nacos.common.remote.client   : [4a0bbbe8-e519-43d4-b7bb-0eff838eee87] Receive server push request, request = NotifySubscriberRequest, requestId = 17
08:48:13:149  INFO 23120 --- [nacos-grpc-client-executor-6] com.alibaba.nacos.common.remote.client   : [4a0bbbe8-e519-43d4-b7bb-0eff838eee87] Ack server push request, request = NotifySubscriberRequest, requestId = 17
08:48:14:511  INFO 23120 --- [main] o.s.cloud.commons.util.InetUtils         : Cannot determine local hostname
08:48:14:524  INFO 23120 --- [main] com.fshop.cart.fshopCartApplication      : Started fshopCartApplication in 19.512 seconds (JVM running for 22.078)
08:48:14:532  INFO 23120 --- [main] c.a.c.n.refresh.NacosContextRefresher    : [Nacos Config] Listening config: dataId=fshop-cart.yml, group=DEFAULT_GROUP
08:48:14:534  INFO 23120 --- [main] c.a.c.n.refresh.NacosContextRefresher    : [Nacos Config] Listening config: dataId=fshop-cart, group=DEFAULT_GROUP
08:48:14:545  INFO 23120 --- [main] c.a.c.n.refresh.NacosContextRefresher    : [Nacos Config] Listening config: dataId=fshop-cart-dev.yml, group=DEFAULT_GROUP
08:48:14:546  INFO 23120 --- [main] com.fshop.cart.fshopCartApplication      : fshop-购物车:Application is running...
08:50:39:800  INFO 23120 --- [http-nio-5602-exec-1] o.a.c.c.C.[Tomcat].[localhost].[/]       : Initializing Spring DispatcherServlet 'dispatcherServlet'
08:50:39:800  INFO 23120 --- [http-nio-5602-exec-1] o.s.web.servlet.DispatcherServlet        : Initializing Servlet 'dispatcherServlet'
08:50:39:803  INFO 23120 --- [http-nio-5602-exec-1] o.s.web.servlet.DispatcherServlet        : Completed initialization in 3 ms
08:50:52:857 DEBUG 23120 --- [http-nio-5602-exec-1] org.mybatis.spring.SqlSessionUtils       : Creating a new SqlSession
08:50:52:857 DEBUG 23120 --- [http-nio-5602-exec-2] org.mybatis.spring.SqlSessionUtils       : Creating a new SqlSession
08:50:52:868 DEBUG 23120 --- [http-nio-5602-exec-2] org.mybatis.spring.SqlSessionUtils       : SqlSession [org.apache.ibatis.session.defaults.DefaultSqlSession@f0aba8c] was not registered for synchronization because synchronization is not active
08:50:52:868 DEBUG 23120 --- [http-nio-5602-exec-1] org.mybatis.spring.SqlSessionUtils       : SqlSession [org.apache.ibatis.session.defaults.DefaultSqlSession@4dfebc77] was not registered for synchronization because synchronization is not active
08:50:52:993  INFO 23120 --- [http-nio-5602-exec-1] com.zaxxer.hikari.HikariDataSource       : HikariPool-1 - Starting...
08:50:53:237  INFO 23120 --- [http-nio-5602-exec-1] com.zaxxer.hikari.HikariDataSource       : HikariPool-1 - Start completed.
08:50:53:243 DEBUG 23120 --- [http-nio-5602-exec-1] o.m.s.t.SpringManagedTransaction         : JDBC Connection [HikariProxyConnection@2089167903 wrapping com.mysql.cj.jdbc.ConnectionImpl@1aff110b] will not be managed by Spring
08:50:53:244 DEBUG 23120 --- [http-nio-5602-exec-2] o.m.s.t.SpringManagedTransaction         : JDBC Connection [HikariProxyConnection@1573614992 wrapping com.mysql.cj.jdbc.ConnectionImpl@f0f3eaf] will not be managed by Spring
08:50:53:252 DEBUG 23120 --- [http-nio-5602-exec-1] c.f.cart.mapper.CartsMapper.selectList   : ==>  Preparing: SELECT carts_id,user_id,quantity,cloth_id,price,size,color,img,cloth_name,check_flag,create_time,update_time FROM carts WHERE (user_id = ?)
08:50:53:252 DEBUG 23120 --- [http-nio-5602-exec-2] c.f.cart.mapper.CartsMapper.selectList   : ==>  Preparing: SELECT carts_id,user_id,quantity,cloth_id,price,size,color,img,cloth_name,check_flag,create_time,update_time FROM carts WHERE (user_id = ?)
08:50:53:417 DEBUG 23120 --- [http-nio-5602-exec-1] c.f.cart.mapper.CartsMapper.selectList   : ==> Parameters: oroZ-6xafW3S8SkE6tKg1WL2HwFw(String)
08:50:53:417 DEBUG 23120 --- [http-nio-5602-exec-2] c.f.cart.mapper.CartsMapper.selectList   : ==> Parameters: oroZ-6xafW3S8SkE6tKg1WL2HwFw(String)
08:50:53:483 DEBUG 23120 --- [http-nio-5602-exec-1] c.f.cart.mapper.CartsMapper.selectList   : <==      Total: 3
08:50:53:483 DEBUG 23120 --- [http-nio-5602-exec-2] c.f.cart.mapper.CartsMapper.selectList   : <==      Total: 3
08:50:53:490 DEBUG 23120 --- [http-nio-5602-exec-2] org.mybatis.spring.SqlSessionUtils       : Closing non transactional SqlSession [org.apache.ibatis.session.defaults.DefaultSqlSession@f0aba8c]
08:50:53:490 DEBUG 23120 --- [http-nio-5602-exec-1] org.mybatis.spring.SqlSessionUtils       : Closing non transactional SqlSession [org.apache.ibatis.session.defaults.DefaultSqlSession@4dfebc77]
08:51:06:514 DEBUG 23120 --- [http-nio-5602-exec-3] org.mybatis.spring.SqlSessionUtils       : Creating a new SqlSession
08:51:06:514 DEBUG 23120 --- [http-nio-5602-exec-4] org.mybatis.spring.SqlSessionUtils       : Creating a new SqlSession
08:51:06:515 DEBUG 23120 --- [http-nio-5602-exec-3] org.mybatis.spring.SqlSessionUtils       : SqlSession [org.apache.ibatis.session.defaults.DefaultSqlSession@6ad81b1e] was not registered for synchronization because synchronization is not active
08:51:06:515 DEBUG 23120 --- [http-nio-5602-exec-4] org.mybatis.spring.SqlSessionUtils       : SqlSession [org.apache.ibatis.session.defaults.DefaultSqlSession@217f9bbf] was not registered for synchronization because synchronization is not active
08:51:06:518 DEBUG 23120 --- [http-nio-5602-exec-3] o.m.s.t.SpringManagedTransaction         : JDBC Connection [HikariProxyConnection@348979931 wrapping com.mysql.cj.jdbc.ConnectionImpl@f0f3eaf] will not be managed by Spring
08:51:06:518 DEBUG 23120 --- [http-nio-5602-exec-4] o.m.s.t.SpringManagedTransaction         : JDBC Connection [HikariProxyConnection@1854237659 wrapping com.mysql.cj.jdbc.ConnectionImpl@1aff110b] will not be managed by Spring
08:51:06:519 DEBUG 23120 --- [http-nio-5602-exec-3] c.f.cart.mapper.CartsMapper.selectList   : ==>  Preparing: SELECT carts_id,user_id,quantity,cloth_id,price,size,color,img,cloth_name,check_flag,create_time,update_time FROM carts WHERE (user_id = ?)
08:51:06:519 DEBUG 23120 --- [http-nio-5602-exec-4] c.f.cart.mapper.CartsMapper.selectList   : ==>  Preparing: SELECT carts_id,user_id,quantity,cloth_id,price,size,color,img,cloth_name,check_flag,create_time,update_time FROM carts WHERE (user_id = ?)
08:51:06:519 DEBUG 23120 --- [http-nio-5602-exec-3] c.f.cart.mapper.CartsMapper.selectList   : ==> Parameters: oroZ-6xafW3S8SkE6tKg1WL2HwFw(String)
08:51:06:519 DEBUG 23120 --- [http-nio-5602-exec-4] c.f.cart.mapper.CartsMapper.selectList   : ==> Parameters: oroZ-6xafW3S8SkE6tKg1WL2HwFw(String)
08:51:06:522 DEBUG 23120 --- [http-nio-5602-exec-3] c.f.cart.mapper.CartsMapper.selectList   : <==      Total: 3
08:51:06:522 DEBUG 23120 --- [http-nio-5602-exec-4] c.f.cart.mapper.CartsMapper.selectList   : <==      Total: 3
08:51:06:522 DEBUG 23120 --- [http-nio-5602-exec-3] org.mybatis.spring.SqlSessionUtils       : Closing non transactional SqlSession [org.apache.ibatis.session.defaults.DefaultSqlSession@6ad81b1e]
08:51:06:522 DEBUG 23120 --- [http-nio-5602-exec-4] org.mybatis.spring.SqlSessionUtils       : Closing non transactional SqlSession [org.apache.ibatis.session.defaults.DefaultSqlSession@217f9bbf]
08:51:08:171 DEBUG 23120 --- [http-nio-5602-exec-5] org.mybatis.spring.SqlSessionUtils       : Creating a new SqlSession
08:51:08:171 DEBUG 23120 --- [http-nio-5602-exec-6] org.mybatis.spring.SqlSessionUtils       : Creating a new SqlSession
08:51:08:171 DEBUG 23120 --- [http-nio-5602-exec-5] org.mybatis.spring.SqlSessionUtils       : SqlSession [org.apache.ibatis.session.defaults.DefaultSqlSession@40e3c3eb] was not registered for synchronization because synchronization is not active
08:51:08:171 DEBUG 23120 --- [http-nio-5602-exec-6] org.mybatis.spring.SqlSessionUtils       : SqlSession [org.apache.ibatis.session.defaults.DefaultSqlSession@79b450f2] was not registered for synchronization because synchronization is not active
08:51:08:173 DEBUG 23120 --- [http-nio-5602-exec-5] o.m.s.t.SpringManagedTransaction         : JDBC Connection [HikariProxyConnection@1310991751 wrapping com.mysql.cj.jdbc.ConnectionImpl@1aff110b] will not be managed by Spring
08:51:08:173 DEBUG 23120 --- [http-nio-5602-exec-5] c.f.cart.mapper.CartsMapper.selectList   : ==>  Preparing: SELECT carts_id,user_id,quantity,cloth_id,price,size,color,img,cloth_name,check_flag,create_time,update_time FROM carts WHERE (user_id = ?)
08:51:08:173 DEBUG 23120 --- [http-nio-5602-exec-6] o.m.s.t.SpringManagedTransaction         : JDBC Connection [HikariProxyConnection@2004070836 wrapping com.mysql.cj.jdbc.ConnectionImpl@f0f3eaf] will not be managed by Spring
08:51:08:174 DEBUG 23120 --- [http-nio-5602-exec-6] c.f.cart.mapper.CartsMapper.selectList   : ==>  Preparing: SELECT carts_id,user_id,quantity,cloth_id,price,size,color,img,cloth_name,check_flag,create_time,update_time FROM carts WHERE (user_id = ?)
08:51:08:174 DEBUG 23120 --- [http-nio-5602-exec-5] c.f.cart.mapper.CartsMapper.selectList   : ==> Parameters: oroZ-6xafW3S8SkE6tKg1WL2HwFw(String)
08:51:08:174 DEBUG 23120 --- [http-nio-5602-exec-6] c.f.cart.mapper.CartsMapper.selectList   : ==> Parameters: oroZ-6xafW3S8SkE6tKg1WL2HwFw(String)
08:51:08:178 DEBUG 23120 --- [http-nio-5602-exec-5] c.f.cart.mapper.CartsMapper.selectList   : <==      Total: 3
08:51:08:179 DEBUG 23120 --- [http-nio-5602-exec-5] org.mybatis.spring.SqlSessionUtils       : Closing non transactional SqlSession [org.apache.ibatis.session.defaults.DefaultSqlSession@40e3c3eb]
08:51:08:179 DEBUG 23120 --- [http-nio-5602-exec-6] c.f.cart.mapper.CartsMapper.selectList   : <==      Total: 3
08:51:08:179 DEBUG 23120 --- [http-nio-5602-exec-6] org.mybatis.spring.SqlSessionUtils       : Closing non transactional SqlSession [org.apache.ibatis.session.defaults.DefaultSqlSession@79b450f2]
08:53:25:029 DEBUG 23120 --- [http-nio-5602-exec-9] org.mybatis.spring.SqlSessionUtils       : Creating a new SqlSession
08:53:25:029 DEBUG 23120 --- [http-nio-5602-exec-10] org.mybatis.spring.SqlSessionUtils       : Creating a new SqlSession
08:53:25:030 DEBUG 23120 --- [http-nio-5602-exec-9] org.mybatis.spring.SqlSessionUtils       : SqlSession [org.apache.ibatis.session.defaults.DefaultSqlSession@7cdfe125] was not registered for synchronization because synchronization is not active
08:53:25:030 DEBUG 23120 --- [http-nio-5602-exec-10] org.mybatis.spring.SqlSessionUtils       : SqlSession [org.apache.ibatis.session.defaults.DefaultSqlSession@635612ed] was not registered for synchronization because synchronization is not active
08:53:25:033 DEBUG 23120 --- [http-nio-5602-exec-10] o.m.s.t.SpringManagedTransaction         : JDBC Connection [HikariProxyConnection@1838280951 wrapping com.mysql.cj.jdbc.ConnectionImpl@1aff110b] will not be managed by Spring
08:53:25:033 DEBUG 23120 --- [http-nio-5602-exec-10] c.f.cart.mapper.CartsMapper.selectList   : ==>  Preparing: SELECT carts_id,user_id,quantity,cloth_id,price,size,color,img,cloth_name,check_flag,create_time,update_time FROM carts WHERE (user_id = ?)
08:53:25:034 DEBUG 23120 --- [http-nio-5602-exec-10] c.f.cart.mapper.CartsMapper.selectList   : ==> Parameters: oroZ-6xafW3S8SkE6tKg1WL2HwFw(String)
08:53:25:034 DEBUG 23120 --- [http-nio-5602-exec-9] o.m.s.t.SpringManagedTransaction         : JDBC Connection [HikariProxyConnection@1914179790 wrapping com.mysql.cj.jdbc.ConnectionImpl@f0f3eaf] will not be managed by Spring
08:53:25:034 DEBUG 23120 --- [http-nio-5602-exec-9] c.f.cart.mapper.CartsMapper.selectList   : ==>  Preparing: SELECT carts_id,user_id,quantity,cloth_id,price,size,color,img,cloth_name,check_flag,create_time,update_time FROM carts WHERE (user_id = ?)
08:53:25:034 DEBUG 23120 --- [http-nio-5602-exec-9] c.f.cart.mapper.CartsMapper.selectList   : ==> Parameters: oroZ-6xafW3S8SkE6tKg1WL2HwFw(String)
08:53:25:036 DEBUG 23120 --- [http-nio-5602-exec-10] c.f.cart.mapper.CartsMapper.selectList   : <==      Total: 3
08:53:25:036 DEBUG 23120 --- [http-nio-5602-exec-9] c.f.cart.mapper.CartsMapper.selectList   : <==      Total: 3
08:53:25:036 DEBUG 23120 --- [http-nio-5602-exec-10] org.mybatis.spring.SqlSessionUtils       : Closing non transactional SqlSession [org.apache.ibatis.session.defaults.DefaultSqlSession@635612ed]
08:53:25:036 DEBUG 23120 --- [http-nio-5602-exec-9] org.mybatis.spring.SqlSessionUtils       : Closing non transactional SqlSession [org.apache.ibatis.session.defaults.DefaultSqlSession@7cdfe125]
08:53:27:645 DEBUG 23120 --- [http-nio-5602-exec-1] org.mybatis.spring.SqlSessionUtils       : Creating a new SqlSession
08:53:27:646 DEBUG 23120 --- [http-nio-5602-exec-1] org.mybatis.spring.SqlSessionUtils       : SqlSession [org.apache.ibatis.session.defaults.DefaultSqlSession@1c5c41b4] was not registered for synchronization because synchronization is not active
08:53:27:649 DEBUG 23120 --- [http-nio-5602-exec-1] o.m.s.t.SpringManagedTransaction         : JDBC Connection [HikariProxyConnection@2091655284 wrapping com.mysql.cj.jdbc.ConnectionImpl@1aff110b] will not be managed by Spring
08:53:27:649 DEBUG 23120 --- [http-nio-5602-exec-1] c.f.cart.mapper.CartsMapper.selectList   : ==>  Preparing: SELECT carts_id,user_id,quantity,cloth_id,price,size,color,img,cloth_name,check_flag,create_time,update_time FROM carts WHERE (user_id = ?)
08:53:27:650 DEBUG 23120 --- [http-nio-5602-exec-1] c.f.cart.mapper.CartsMapper.selectList   : ==> Parameters: oroZ-6xafW3S8SkE6tKg1WL2HwFw(String)
08:53:27:652 DEBUG 23120 --- [http-nio-5602-exec-1] c.f.cart.mapper.CartsMapper.selectList   : <==      Total: 3
08:53:27:652 DEBUG 23120 --- [http-nio-5602-exec-1] org.mybatis.spring.SqlSessionUtils       : Closing non transactional SqlSession [org.apache.ibatis.session.defaults.DefaultSqlSession@1c5c41b4]
08:53:27:658 DEBUG 23120 --- [http-nio-5602-exec-2] org.mybatis.spring.SqlSessionUtils       : Creating a new SqlSession
08:53:27:659 DEBUG 23120 --- [http-nio-5602-exec-2] org.mybatis.spring.SqlSessionUtils       : SqlSession [org.apache.ibatis.session.defaults.DefaultSqlSession@63c77a37] was not registered for synchronization because synchronization is not active
08:53:27:661 DEBUG 23120 --- [http-nio-5602-exec-2] o.m.s.t.SpringManagedTransaction         : JDBC Connection [HikariProxyConnection@1049766657 wrapping com.mysql.cj.jdbc.ConnectionImpl@f0f3eaf] will not be managed by Spring
08:53:27:662 DEBUG 23120 --- [http-nio-5602-exec-2] c.f.cart.mapper.CartsMapper.selectList   : ==>  Preparing: SELECT carts_id,user_id,quantity,cloth_id,price,size,color,img,cloth_name,check_flag,create_time,update_time FROM carts WHERE (user_id = ?)
08:53:27:662 DEBUG 23120 --- [http-nio-5602-exec-2] c.f.cart.mapper.CartsMapper.selectList   : ==> Parameters: oroZ-6xafW3S8SkE6tKg1WL2HwFw(String)
08:53:27:664 DEBUG 23120 --- [http-nio-5602-exec-2] c.f.cart.mapper.CartsMapper.selectList   : <==      Total: 3
08:53:27:665 DEBUG 23120 --- [http-nio-5602-exec-2] org.mybatis.spring.SqlSessionUtils       : Closing non transactional SqlSession [org.apache.ibatis.session.defaults.DefaultSqlSession@63c77a37]
08:53:41:400 DEBUG 23120 --- [http-nio-5602-exec-4] org.mybatis.spring.SqlSessionUtils       : Creating a new SqlSession
08:53:41:401 DEBUG 23120 --- [http-nio-5602-exec-4] org.mybatis.spring.SqlSessionUtils       : SqlSession [org.apache.ibatis.session.defaults.DefaultSqlSession@eaa9494] was not registered for synchronization because synchronization is not active
08:53:41:403 DEBUG 23120 --- [http-nio-5602-exec-4] o.m.s.t.SpringManagedTransaction         : JDBC Connection [HikariProxyConnection@1745411737 wrapping com.mysql.cj.jdbc.ConnectionImpl@1aff110b] will not be managed by Spring
08:53:41:404 DEBUG 23120 --- [http-nio-5602-exec-4] c.f.cart.mapper.CartsMapper.selectList   : ==>  Preparing: SELECT carts_id,user_id,quantity,cloth_id,price,size,color,img,cloth_name,check_flag,create_time,update_time FROM carts WHERE (user_id = ?)
08:53:41:404 DEBUG 23120 --- [http-nio-5602-exec-4] c.f.cart.mapper.CartsMapper.selectList   : ==> Parameters: oroZ-6xafW3S8SkE6tKg1WL2HwFw(String)
08:53:41:406 DEBUG 23120 --- [http-nio-5602-exec-4] c.f.cart.mapper.CartsMapper.selectList   : <==      Total: 3
08:53:41:406 DEBUG 23120 --- [http-nio-5602-exec-4] org.mybatis.spring.SqlSessionUtils       : Closing non transactional SqlSession [org.apache.ibatis.session.defaults.DefaultSqlSession@eaa9494]
08:53:45:639 DEBUG 23120 --- [http-nio-5602-exec-3] org.mybatis.spring.SqlSessionUtils       : Creating a new SqlSession
08:53:45:640 DEBUG 23120 --- [http-nio-5602-exec-3] org.mybatis.spring.SqlSessionUtils       : SqlSession [org.apache.ibatis.session.defaults.DefaultSqlSession@414324e5] was not registered for synchronization because synchronization is not active
08:53:45:643 DEBUG 23120 --- [http-nio-5602-exec-3] o.m.s.t.SpringManagedTransaction         : JDBC Connection [HikariProxyConnection@1342164181 wrapping com.mysql.cj.jdbc.ConnectionImpl@f0f3eaf] will not be managed by Spring
08:53:45:644 DEBUG 23120 --- [http-nio-5602-exec-3] c.f.cart.mapper.CartsMapper.selectList   : ==>  Preparing: SELECT carts_id,user_id,quantity,cloth_id,price,size,color,img,cloth_name,check_flag,create_time,update_time FROM carts WHERE (user_id = ?)
08:53:45:644 DEBUG 23120 --- [http-nio-5602-exec-3] c.f.cart.mapper.CartsMapper.selectList   : ==> Parameters: oroZ-6xafW3S8SkE6tKg1WL2HwFw(String)
08:53:45:652 DEBUG 23120 --- [http-nio-5602-exec-3] c.f.cart.mapper.CartsMapper.selectList   : <==      Total: 3
08:53:45:652 DEBUG 23120 --- [http-nio-5602-exec-3] org.mybatis.spring.SqlSessionUtils       : Closing non transactional SqlSession [org.apache.ibatis.session.defaults.DefaultSqlSession@414324e5]
08:53:46:335 DEBUG 23120 --- [http-nio-5602-exec-5] org.mybatis.spring.SqlSessionUtils       : Creating a new SqlSession
08:53:46:335 DEBUG 23120 --- [http-nio-5602-exec-5] org.mybatis.spring.SqlSessionUtils       : SqlSession [org.apache.ibatis.session.defaults.DefaultSqlSession@69d4beff] was not registered for synchronization because synchronization is not active
08:53:46:355 DEBUG 23120 --- [http-nio-5602-exec-5] o.m.s.t.SpringManagedTransaction         : JDBC Connection [HikariProxyConnection@156397022 wrapping com.mysql.cj.jdbc.ConnectionImpl@1aff110b] will not be managed by Spring
08:53:46:356 DEBUG 23120 --- [http-nio-5602-exec-5] c.f.cart.mapper.CartsMapper.selectList   : ==>  Preparing: SELECT carts_id,user_id,quantity,cloth_id,price,size,color,img,cloth_name,check_flag,create_time,update_time FROM carts WHERE (user_id = ?)
08:53:46:356 DEBUG 23120 --- [http-nio-5602-exec-5] c.f.cart.mapper.CartsMapper.selectList   : ==> Parameters: oroZ-6xafW3S8SkE6tKg1WL2HwFw(String)
08:53:46:358 DEBUG 23120 --- [http-nio-5602-exec-5] c.f.cart.mapper.CartsMapper.selectList   : <==      Total: 3
08:53:46:359 DEBUG 23120 --- [http-nio-5602-exec-5] org.mybatis.spring.SqlSessionUtils       : Closing non transactional SqlSession [org.apache.ibatis.session.defaults.DefaultSqlSession@69d4beff]
08:55:02:182  WARN 23120 --- [Thread-18] c.a.nacos.common.notify.NotifyCenter     : [NotifyCenter] Start destroying Publisher
08:55:02:182  WARN 23120 --- [Thread-8] c.a.n.common.http.HttpClientBeanHolder   : [HttpClientBeanHolder] Start destroying common HttpClient
08:55:02:183  WARN 23120 --- [Thread-18] c.a.nacos.common.notify.NotifyCenter     : [NotifyCenter] Destruction of the end
08:55:02:191  WARN 23120 --- [Thread-8] c.a.n.common.http.HttpClientBeanHolder   : [HttpClientBeanHolder] Destruction of the end
08:55:03:077  INFO 23120 --- [SpringApplicationShutdownHook] c.a.c.n.registry.NacosServiceRegistry    : De-registering from Nacos Server now...
08:55:03:086  INFO 23120 --- [SpringApplicationShutdownHook] c.a.c.n.registry.NacosServiceRegistry    : De-registration finished.
08:55:03:424  INFO 23120 --- [SpringApplicationShutdownHook] com.alibaba.nacos.common.remote.client   : Shutdown rpc client, set status to shutdown
08:55:03:424  INFO 23120 --- [SpringApplicationShutdownHook] com.alibaba.nacos.common.remote.client   : Shutdown client event executor java.util.concurrent.ScheduledThreadPoolExecutor@c16d5ba[Running, pool size = 2, active threads = 2, queued tasks = 0, completed tasks = 0]
08:55:03:424  INFO 23120 --- [SpringApplicationShutdownHook] com.alibaba.nacos.common.remote.client   : Close current connection 1714351692294_192.168.138.1_55014
08:55:03:428  INFO 23120 --- [nacos-grpc-client-executor-92] c.a.n.c.remote.client.grpc.GrpcClient    : [1714351692294_192.168.138.1_55014]Ignore complete event,isRunning:false,isAbandon=false
08:55:03:445  INFO 23120 --- [SpringApplicationShutdownHook] c.a.n.c.remote.client.grpc.GrpcClient    : Shutdown grpc executor java.util.concurrent.ThreadPoolExecutor@22cd600c[Running, pool size = 6, active threads = 0, queued tasks = 0, completed tasks = 93]
08:55:03:449  INFO 23120 --- [SpringApplicationShutdownHook] com.zaxxer.hikari.HikariDataSource       : HikariPool-1 - Shutdown initiated...
08:55:03:476  INFO 23120 --- [SpringApplicationShutdownHook] com.zaxxer.hikari.HikariDataSource       : HikariPool-1 - Shutdown completed.
08:55:31:598  INFO 29432 --- [main] com.fshop.cart.fshopCartApplication      : The following 1 profile is active: "dev"
08:55:32:788 DEBUG 29432 --- [main] o.m.s.mapper.ClassPathMapperScanner      : Identified candidate component class: file [D:\JAVA\fshop\fshop-cart\target\classes\com\fshop\cart\mapper\AddressMapper.class]
08:55:32:788 DEBUG 29432 --- [main] o.m.s.mapper.ClassPathMapperScanner      : Identified candidate component class: file [D:\JAVA\fshop\fshop-cart\target\classes\com\fshop\cart\mapper\CartsMapper.class]
08:55:32:790 DEBUG 29432 --- [main] o.m.s.mapper.ClassPathMapperScanner      : Creating MapperFactoryBean with name 'addressMapper' and 'com.fshop.cart.mapper.AddressMapper' mapperInterface
08:55:32:794 DEBUG 29432 --- [main] o.m.s.mapper.ClassPathMapperScanner      : Creating MapperFactoryBean with name 'cartsMapper' and 'com.fshop.cart.mapper.CartsMapper' mapperInterface
08:55:32:925  INFO 29432 --- [main] o.s.cloud.context.scope.GenericScope     : BeanFactory id=f28f50b7-0b77-3a46-a4c6-dcca5d255882
08:55:33:484  INFO 29432 --- [main] o.s.b.w.embedded.tomcat.TomcatWebServer  : Tomcat initialized with port(s): 5602 (http)
08:55:33:486  INFO 29432 --- [main] o.a.catalina.core.AprLifecycleListener   : Loaded Apache Tomcat Native library [1.2.36] using APR version [1.7.2].
08:55:33:486  INFO 29432 --- [main] o.a.catalina.core.AprLifecycleListener   : APR capabilities: IPv6 [true], sendfile [true], accept filters [false], random [true], UDS [true].
08:55:33:486  INFO 29432 --- [main] o.a.catalina.core.AprLifecycleListener   : APR/OpenSSL configuration: useAprConnector [false], useOpenSSL [true]
08:55:33:500  INFO 29432 --- [main] o.a.catalina.core.AprLifecycleListener   : OpenSSL successfully initialized [OpenSSL 1.1.1t  7 Feb 2023]
08:55:33:517  INFO 29432 --- [main] o.apache.catalina.core.StandardService   : Starting service [Tomcat]
08:55:33:517  INFO 29432 --- [main] org.apache.catalina.core.StandardEngine  : Starting Servlet engine: [Apache Tomcat/9.0.69]
08:55:33:861  INFO 29432 --- [main] o.a.c.c.C.[Tomcat].[localhost].[/]       : Initializing Spring embedded WebApplicationContext
08:55:33:861  INFO 29432 --- [main] w.s.c.ServletWebServerApplicationContext : Root WebApplicationContext: initialization completed in 2228 ms
08:55:36:353  WARN 29432 --- [main] c.b.m.core.metadata.TableInfoHelper      : Can not find table primary key in Class: "com.fshop.cart.entity.Address".
08:55:36:364  WARN 29432 --- [main] c.b.m.core.injector.DefaultSqlInjector   : class com.fshop.cart.entity.Address ,Not found @TableId annotation, Cannot use Mybatis-Plus 'xxById' Method.
08:55:36:550  WARN 29432 --- [main] c.b.m.core.metadata.TableInfoHelper      : Can not find table primary key in Class: "com.fshop.cart.entity.Carts".
08:55:36:550  WARN 29432 --- [main] c.b.m.core.injector.DefaultSqlInjector   : class com.fshop.cart.entity.Carts ,Not found @TableId annotation, Cannot use Mybatis-Plus 'xxById' Method.
08:55:36:694  INFO 29432 --- [main] com.fshop.common.config.WebMvcConfig     : 扩展消息转换器...
08:55:36:701  INFO 29432 --- [main] com.fshop.common.config.WebMvcConfig     : 开始进行静态资源映射...
08:55:38:814  INFO 29432 --- [main] o.s.cloud.commons.util.InetUtils         : Cannot determine local hostname
08:55:39:023  WARN 29432 --- [main] iguration$LoadBalancerCaffeineWarnLogger : Spring Cloud LoadBalancer is currently working with the default cache. While this cache implementation is useful for development and tests, it's recommended to use Caffeine cache in production.You can switch to using Caffeine cache, by adding it and org.springframework.cache.caffeine.CaffeineCacheManager to the classpath.
08:55:39:216  INFO 29432 --- [main] com.alibaba.nacos.common.remote.client   : [RpcClientFactory] create a new rpc client of d4d9dd26-0626-482b-a2aa-840a5f13f41e
08:55:39:216  INFO 29432 --- [main] com.alibaba.nacos.common.remote.client   : [d4d9dd26-0626-482b-a2aa-840a5f13f41e] RpcClient init label, labels = {module=naming, source=sdk}
08:55:39:220  INFO 29432 --- [main] com.alibaba.nacos.common.remote.client   : [d4d9dd26-0626-482b-a2aa-840a5f13f41e] RpcClient init, ServerListFactory = com.alibaba.nacos.client.naming.core.ServerListManager
08:55:39:221  INFO 29432 --- [main] com.alibaba.nacos.common.remote.client   : [d4d9dd26-0626-482b-a2aa-840a5f13f41e] Registry connection listener to current client:com.alibaba.nacos.client.naming.remote.gprc.redo.NamingGrpcRedoService
08:55:39:222  INFO 29432 --- [main] com.alibaba.nacos.common.remote.client   : [d4d9dd26-0626-482b-a2aa-840a5f13f41e] Register server push request handler:com.alibaba.nacos.client.naming.remote.gprc.NamingPushRequestHandler
08:55:39:223  INFO 29432 --- [main] com.alibaba.nacos.common.remote.client   : [d4d9dd26-0626-482b-a2aa-840a5f13f41e] Try to connect to server on start up, server: {serverIp = '192.168.138.81', server main port = 8848}
08:55:39:335  INFO 29432 --- [main] com.alibaba.nacos.common.remote.client   : [d4d9dd26-0626-482b-a2aa-840a5f13f41e] Success to connect to server [192.168.138.81:8848] on start up, connectionId = 1714352138217_192.168.138.1_55423
08:55:39:335  INFO 29432 --- [main] com.alibaba.nacos.common.remote.client   : [d4d9dd26-0626-482b-a2aa-840a5f13f41e] Register server push request handler:com.alibaba.nacos.common.remote.client.RpcClient$ConnectResetRequestHandler
08:55:39:335  INFO 29432 --- [main] com.alibaba.nacos.common.remote.client   : [d4d9dd26-0626-482b-a2aa-840a5f13f41e] Register server push request handler:com.alibaba.nacos.common.remote.client.RpcClient$$Lambda$335/738590621
08:55:39:335  INFO 29432 --- [com.alibaba.nacos.client.remote.worker] com.alibaba.nacos.common.remote.client   : [d4d9dd26-0626-482b-a2aa-840a5f13f41e] Notify connected event to listeners.
08:55:39:423  INFO 29432 --- [main] o.s.b.w.embedded.tomcat.TomcatWebServer  : Tomcat started on port(s): 5602 (http) with context path ''
08:55:39:434  INFO 29432 --- [main] c.a.c.n.registry.NacosServiceRegistry    : nacos registry, DEFAULT_GROUP fshop-cart 10.225.196.74:5602 register finished
08:55:39:911  INFO 29432 --- [nacos-grpc-client-executor-6] com.alibaba.nacos.common.remote.client   : [d4d9dd26-0626-482b-a2aa-840a5f13f41e] Receive server push request, request = NotifySubscriberRequest, requestId = 22
08:55:39:924  INFO 29432 --- [nacos-grpc-client-executor-6] com.alibaba.nacos.common.remote.client   : [d4d9dd26-0626-482b-a2aa-840a5f13f41e] Ack server push request, request = NotifySubscriberRequest, requestId = 22
08:55:41:393  INFO 29432 --- [main] o.s.cloud.commons.util.InetUtils         : Cannot determine local hostname
08:55:41:410  INFO 29432 --- [main] com.fshop.cart.fshopCartApplication      : Started fshopCartApplication in 19.338 seconds (JVM running for 24.221)
08:55:41:422  INFO 29432 --- [main] c.a.c.n.refresh.NacosContextRefresher    : [Nacos Config] Listening config: dataId=fshop-cart.yml, group=DEFAULT_GROUP
08:55:41:423  INFO 29432 --- [main] c.a.c.n.refresh.NacosContextRefresher    : [Nacos Config] Listening config: dataId=fshop-cart, group=DEFAULT_GROUP
08:55:41:429  INFO 29432 --- [main] c.a.c.n.refresh.NacosContextRefresher    : [Nacos Config] Listening config: dataId=fshop-cart-dev.yml, group=DEFAULT_GROUP
08:55:41:430  INFO 29432 --- [main] com.fshop.cart.fshopCartApplication      : fshop-购物车:Application is running...
08:56:08:189  INFO 29432 --- [http-nio-5602-exec-1] o.a.c.c.C.[Tomcat].[localhost].[/]       : Initializing Spring DispatcherServlet 'dispatcherServlet'
08:56:08:189  INFO 29432 --- [http-nio-5602-exec-1] o.s.web.servlet.DispatcherServlet        : Initializing Servlet 'dispatcherServlet'
08:56:08:190  INFO 29432 --- [http-nio-5602-exec-1] o.s.web.servlet.DispatcherServlet        : Completed initialization in 1 ms
08:56:08:283 DEBUG 29432 --- [http-nio-5602-exec-1] org.mybatis.spring.SqlSessionUtils       : Creating a new SqlSession
08:56:08:298 DEBUG 29432 --- [http-nio-5602-exec-1] org.mybatis.spring.SqlSessionUtils       : SqlSession [org.apache.ibatis.session.defaults.DefaultSqlSession@11f3af95] was not registered for synchronization because synchronization is not active
08:56:08:419  INFO 29432 --- [http-nio-5602-exec-1] com.zaxxer.hikari.HikariDataSource       : HikariPool-1 - Starting...
08:56:08:662  INFO 29432 --- [http-nio-5602-exec-1] com.zaxxer.hikari.HikariDataSource       : HikariPool-1 - Start completed.
08:56:08:667 DEBUG 29432 --- [http-nio-5602-exec-1] o.m.s.t.SpringManagedTransaction         : JDBC Connection [HikariProxyConnection@229793781 wrapping com.mysql.cj.jdbc.ConnectionImpl@3f48aae5] will not be managed by Spring
08:56:08:674 DEBUG 29432 --- [http-nio-5602-exec-1] c.f.cart.mapper.CartsMapper.selectList   : ==>  Preparing: SELECT carts_id,user_id,quantity,cloth_id,price,size,color,img,cloth_name,check_flag,create_time,update_time FROM carts WHERE (user_id = ?)
08:56:08:826 DEBUG 29432 --- [http-nio-5602-exec-1] c.f.cart.mapper.CartsMapper.selectList   : ==> Parameters: null
08:56:08:863 DEBUG 29432 --- [http-nio-5602-exec-1] c.f.cart.mapper.CartsMapper.selectList   : <==      Total: 0
08:56:08:869 DEBUG 29432 --- [http-nio-5602-exec-1] org.mybatis.spring.SqlSessionUtils       : Closing non transactional SqlSession [org.apache.ibatis.session.defaults.DefaultSqlSession@11f3af95]
08:56:13:296 DEBUG 29432 --- [http-nio-5602-exec-2] org.mybatis.spring.SqlSessionUtils       : Creating a new SqlSession
08:56:13:297 DEBUG 29432 --- [http-nio-5602-exec-2] org.mybatis.spring.SqlSessionUtils       : SqlSession [org.apache.ibatis.session.defaults.DefaultSqlSession@304612c7] was not registered for synchronization because synchronization is not active
08:56:13:299 DEBUG 29432 --- [http-nio-5602-exec-2] o.m.s.t.SpringManagedTransaction         : JDBC Connection [HikariProxyConnection@1048701631 wrapping com.mysql.cj.jdbc.ConnectionImpl@3f48aae5] will not be managed by Spring
08:56:13:299 DEBUG 29432 --- [http-nio-5602-exec-2] c.f.cart.mapper.CartsMapper.selectList   : ==>  Preparing: SELECT carts_id,user_id,quantity,cloth_id,price,size,color,img,cloth_name,check_flag,create_time,update_time FROM carts WHERE (user_id = ?)
08:56:13:299 DEBUG 29432 --- [http-nio-5602-exec-2] c.f.cart.mapper.CartsMapper.selectList   : ==> Parameters: null
08:56:13:300 DEBUG 29432 --- [http-nio-5602-exec-2] c.f.cart.mapper.CartsMapper.selectList   : <==      Total: 0
08:56:13:301 DEBUG 29432 --- [http-nio-5602-exec-2] org.mybatis.spring.SqlSessionUtils       : Closing non transactional SqlSession [org.apache.ibatis.session.defaults.DefaultSqlSession@304612c7]
08:56:14:254 DEBUG 29432 --- [http-nio-5602-exec-3] org.mybatis.spring.SqlSessionUtils       : Creating a new SqlSession
08:56:14:255 DEBUG 29432 --- [http-nio-5602-exec-3] org.mybatis.spring.SqlSessionUtils       : SqlSession [org.apache.ibatis.session.defaults.DefaultSqlSession@55d4456] was not registered for synchronization because synchronization is not active
08:56:14:257 DEBUG 29432 --- [http-nio-5602-exec-3] o.m.s.t.SpringManagedTransaction         : JDBC Connection [HikariProxyConnection@194689677 wrapping com.mysql.cj.jdbc.ConnectionImpl@3f48aae5] will not be managed by Spring
08:56:14:257 DEBUG 29432 --- [http-nio-5602-exec-3] c.f.cart.mapper.CartsMapper.selectList   : ==>  Preparing: SELECT carts_id,user_id,quantity,cloth_id,price,size,color,img,cloth_name,check_flag,create_time,update_time FROM carts WHERE (user_id = ?)
08:56:14:258 DEBUG 29432 --- [http-nio-5602-exec-3] c.f.cart.mapper.CartsMapper.selectList   : ==> Parameters: null
08:56:14:259 DEBUG 29432 --- [http-nio-5602-exec-3] c.f.cart.mapper.CartsMapper.selectList   : <==      Total: 0
08:56:14:259 DEBUG 29432 --- [http-nio-5602-exec-3] org.mybatis.spring.SqlSessionUtils       : Closing non transactional SqlSession [org.apache.ibatis.session.defaults.DefaultSqlSession@55d4456]
08:56:30:869 DEBUG 29432 --- [http-nio-5602-exec-4] org.mybatis.spring.SqlSessionUtils       : Creating a new SqlSession
08:56:30:869 DEBUG 29432 --- [http-nio-5602-exec-4] org.mybatis.spring.SqlSessionUtils       : SqlSession [org.apache.ibatis.session.defaults.DefaultSqlSession@280fe069] was not registered for synchronization because synchronization is not active
08:56:30:871 DEBUG 29432 --- [http-nio-5602-exec-4] o.m.s.t.SpringManagedTransaction         : JDBC Connection [HikariProxyConnection@1384434280 wrapping com.mysql.cj.jdbc.ConnectionImpl@3f48aae5] will not be managed by Spring
08:56:30:872 DEBUG 29432 --- [http-nio-5602-exec-4] c.f.cart.mapper.CartsMapper.selectList   : ==>  Preparing: SELECT carts_id,user_id,quantity,cloth_id,price,size,color,img,cloth_name,check_flag,create_time,update_time FROM carts WHERE (user_id = ?)
08:56:30:873 DEBUG 29432 --- [http-nio-5602-exec-4] c.f.cart.mapper.CartsMapper.selectList   : ==> Parameters: null
08:56:30:874 DEBUG 29432 --- [http-nio-5602-exec-4] c.f.cart.mapper.CartsMapper.selectList   : <==      Total: 0
08:56:30:874 DEBUG 29432 --- [http-nio-5602-exec-4] org.mybatis.spring.SqlSessionUtils       : Closing non transactional SqlSession [org.apache.ibatis.session.defaults.DefaultSqlSession@280fe069]
